e:\ihu\algorithmization\algorithmization\algorithmization\x64\debug\vc143.pdb
e:\ihu\algorithmization\algorithmization\algorithmization\x64\debug\vc143.idb
e:\ihu\algorithmization\algorithmization\algorithmization\x64\debug\pw_2 iliev.obj
e:\ihu\algorithmization\algorithmization\algorithmization\x64\debug\pw_1 iliev.obj
e:\ihu\algorithmization\algorithmization\algorithmization\x64\debug\pw_1.obj
e:\ihu\algorithmization\algorithmization\algorithmization\x64\debug\vika.obj
e:\ihu\algorithmization\algorithmization\algorithmization\x64\debug\pw_2.obj
e:\ihu\algorithmization\algorithmization\algorithmization\x64\debug\pw_3.obj
e:\ihu\algorithmization\algorithmization\x64\debug\algotithmization.exe
e:\ihu\algorithmization\algorithmization\algorithmization\x64\debug\algotithmization.ilk
e:\ihu\algorithmization\algorithmization\x64\debug\algotithmization.pdb
e:\ihu\algorithmization\algorithmization\algorithmization\x64\debug\algorithmization.obj
e:\ihu\algorithmization\algorithmization\algorithmization\x64\debug\pw_3.obj.enc
e:\ihu\algorithmization\algorithmization\algorithmization\x64\debug\algorithmization.ilk
e:\ihu\algorithmization\algorithmization\algorithmization\x64\debug\algotithmiztion.ilk
e:\ihu\algorithmization\algorithmization\algorithmization\x64\debug\lab_1.ilk
e:\ihu\algorithmization\algorithmization\algorithmization\x64\debug\algotithmization.tlog\cl.command.1.tlog
e:\ihu\algorithmization\algorithmization\algorithmization\x64\debug\algotithmization.tlog\cl.read.1.tlog
e:\ihu\algorithmization\algorithmization\algorithmization\x64\debug\algotithmization.tlog\cl.write.1.tlog
e:\ihu\algorithmization\algorithmization\algorithmization\x64\debug\algotithmization.tlog\link.command.1.tlog
e:\ihu\algorithmization\algorithmization\algorithmization\x64\debug\algotithmization.tlog\link.read.1.tlog
e:\ihu\algorithmization\algorithmization\algorithmization\x64\debug\algotithmization.tlog\link.write.1.tlog
